SciMed Arduino Application Started!
Measuring voltage and current with INA219 ...
Bus Voltage:   0.00 V
Shunt Voltage: 0.00 mV
Load Voltage:  0.00 V
Current:       0.00 mA
Power:         0.00 mW

Bus Voltage:   12.70 V
Shunt Voltage: 0.10 mV
Load Voltage:  12.70 V
Current:       1.00 mA
Power:         14.00 mW

Bus Voltage:   11.34 V
Shunt Voltage: 66.46 mV
Load Voltage:  11.41 V
Current:       732.60 mA
Power:         7786.00 mW

Bus Voltage:   11.57 V
Shunt Voltage: 40.57 mV
Load Voltage:  11.61 V
Current:       391.40 mA
Power:         4598.00 mW

Bus Voltage:   11.34 V
Shunt Voltage: 68.38 mV
Load Voltage:  11.41 V
Current:       682.00 mA
Power:         7662.00 mW

Bus Voltage:   11.37 V
Shunt Voltage: 41.32 mV
Load Voltage:  11.41 V
Current:       396.70 mA
Power:         4708.00 mW

Bus Voltage:   10.88 V
Shunt Voltage: 69.05 mV
Load Voltage:  10.95 V
Current:       690.40 mA
Power:         7772.00 mW

Bus Voltage:   11.58 V
Shunt Voltage: 40.00 mV
Load Voltage:  11.62 V
Current:       401.60 mA
Power:         4706.00 mW

Bus Voltage:   10.44 V
Shunt Voltage: 72.10 mV
Load Voltage:  10.52 V
Current:       693.70 mA
Power:         7510.00 mW

Bus Voltage:   11.49 V
Shunt Voltage: 40.90 mV
Load Voltage:  11.53 V
Current:       393.70 mA
Power:         4608.00 mW

Bus Voltage:   11.32 V
Shunt Voltage: 70.50 mV
Load Voltage:  11.39 V
Current:       698.90 mA
Power:         7334.00 mW

Bus Voltage:   11.94 V
Shunt Voltage: 38.43 mV
Load Voltage:  11.98 V
Current:       400.60 mA
Power:         4582.00 mW

Bus Voltage:   10.43 V
Shunt Voltage: 70.86 mV
Load Voltage:  10.50 V
Current:       668.00 mA
Power:         7468.00 mW

Bus Voltage:   11.55 V
Shunt Voltage: 39.57 mV
Load Voltage:  11.59 V
Current:       406.50 mA
Power:         4644.00 mW

Bus Voltage:   11.10 V
Shunt Voltage: 67.76 mV
Load Voltage:  11.17 V
Current:       651.00 mA
Power:         7202.00 mW

Bus Voltage:   11.75 V
Shunt Voltage: 38.94 mV
Load Voltage:  11.79 V
Current:       399.60 mA
Power:         4636.00 mW

Bus Voltage:   11.18 V
Shunt Voltage: 65.33 mV
Load Voltage:  11.25 V
Current:       682.10 mA
Power:         7566.00 mW

Bus Voltage:   11.60 V
Shunt Voltage: 39.19 mV
Load Voltage:  11.64 V
Current:       403.20 mA
Power:         4610.00 mW

Bus Voltage:   10.43 V
Shunt Voltage: 68.26 mV
Load Voltage:  10.50 V
Current:       676.30 mA
Power:         7236.00 mW

Bus Voltage:   11.41 V
Shunt Voltage: 39.02 mV
Load Voltage:  11.45 V
Current:       374.60 mA
Power:         4472.00 mW

Bus Voltage:   10.42 V
Shunt Voltage: 67.20 mV
Load Voltage:  10.49 V
Current:       637.40 mA
Power:         7154.00 mW

Bus Voltage:   11.39 V
Shunt Voltage: 39.80 mV
Load Voltage:  11.43 V
Current:       389.90 mA
Power:         4522.00 mW

Bus Voltage:   10.42 V
Shunt Voltage: 68.60 mV
Load Voltage:  10.48 V
Current:       663.90 mA
Power:         7182.00 mW

Bus Voltage:   11.74 V
Shunt Voltage: 39.65 mV
Load Voltage:  11.78 V
Current:       380.70 mA
Power:         4450.00 mW

Bus Voltage:   10.93 V
Shunt Voltage: 64.74 mV
Load Voltage:  11.00 V
Current:       656.90 mA
Power:         7402.00 mW

Bus Voltage:   11.86 V
Shunt Voltage: 38.33 mV
Load Voltage:  11.90 V
Current:       384.80 mA
Power:         4472.00 mW

Bus Voltage:   10.72 V
Shunt Voltage: 64.87 mV
Load Voltage:  10.79 V
Current:       678.20 mA
Power:         7288.00 mW

Bus Voltage:   11.46 V
Shunt Voltage: 37.99 mV
Load Voltage:  11.50 V
Current:       378.60 mA
Power:         4420.00 mW

Bus Voltage:   10.44 V
Shunt Voltage: 67.36 mV
Load Voltage:  10.51 V
Current:       635.80 mA
Power:         7002.00 mW

Bus Voltage:   11.59 V
Shunt Voltage: 38.75 mV
Load Voltage:  11.63 V
Current:       377.10 mA
Power:         4428.00 mW

Bus Voltage:   11.10 V
Shunt Voltage: 64.20 mV
Load Voltage:  11.16 V
Current:       679.10 mA
Power:         7370.00 mW

Bus Voltage:   11.46 V
Shunt Voltage: 39.07 mV
Load Voltage:  11.50 V
Current:       387.60 mA
Power:         4572.00 mW

Bus Voltage:   11.30 V
Shunt Voltage: 65.01 mV
Load Voltage:  11.37 V
Current:       689.60 mA
Power:         7282.00 mW

Bus Voltage:   11.41 V
Shunt Voltage: 38.41 mV
Load Voltage:  11.45 V
Current:       384.70 mA
Power:         4424.00 mW

Bus Voltage:   11.30 V
Shunt Voltage: 64.26 mV
Load Voltage:  11.37 V
Current:       635.30 mA
Power:         7146.00 mW

Bus Voltage:   11.46 V
Shunt Voltage: 37.98 mV
Load Voltage:  11.49 V
Current:       365.60 mA
Power:         4372.00 mW

Bus Voltage:   10.98 V
Shunt Voltage: 65.91 mV
Load Voltage:  11.05 V
Current:       665.60 mA
Power:         6970.00 mW

Bus Voltage:   11.76 V
Shunt Voltage: 37.86 mV
Load Voltage:  11.80 V
Current:       388.80 mA
Power:         4490.00 mW

Bus Voltage:   11.27 V
Shunt Voltage: 68.58 mV
Load Voltage:  11.34 V
Current:       644.40 mA
Power:         7232.00 mW

Bus Voltage:   11.90 V
Shunt Voltage: 37.36 mV
Load Voltage:  11.94 V
Current:       388.00 mA
Power:         4444.00 mW

Bus Voltage:   10.88 V
Shunt Voltage: 67.14 mV
Load Voltage:  10.95 V
Current:       630.30 mA
Power:         6974.00 mW

Bus Voltage:   11.42 V
Shunt Voltage: 38.37 mV
Load Voltage:  11.46 V
Current:       379.60 mA
Power:         4398.00 mW

Bus Voltage:   10.49 V
Shunt Voltage: 66.34 mV
Load Voltage:  10.56 V
Current:       622.90 mA
Power:         7048.00 mW

Bus Voltage:   11.79 V
Shunt Voltage: 37.61 mV
Load Voltage:  11.83 V
Current:       377.40 mA
Power:         4354.00 mW

Bus Voltage:   10.83 V
Shunt Voltage: 64.84 mV
Load Voltage:  10.90 V
Current:       683.30 mA
Power:         7298.00 mW

Bus Voltage:   11.68 V
Shunt Voltage: 37.71 mV
Load Voltage:  11.72 V
Current:       385.80 mA
Power:         4490.00 mW

Bus Voltage:   10.98 V
Shunt Voltage: 65.10 mV
Load Voltage:  11.04 V
Current:       649.10 mA
Power:         7334.00 mW

Bus Voltage:   11.73 V
Shunt Voltage: 38.36 mV
Load Voltage:  11.77 V
Current:       376.40 mA
Power:         4394.00 mW

Bus Voltage:   11.28 V
Shunt Voltage: 66.58 mV
Load Voltage:  11.35 V
Current:       670.60 mA
Power:         7350.00 mW

Bus Voltage:   11.43 V
Shunt Voltage: 38.01 mV
Load Voltage:  11.47 V
Current:       372.70 mA
Power:         4418.00 mW

Bus Voltage:   11.01 V
Shunt Voltage: 63.43 mV
Load Voltage:  11.07 V
Current:       668.70 mA
Power:         7222.00 mW

Bus Voltage:   11.41 V
Shunt Voltage: 37.95 mV
Load Voltage:  11.45 V
Current:       378.10 mA
Power:         4364.00 mW

Bus Voltage:   10.54 V
Shunt Voltage: 64.46 mV
Load Voltage:  10.61 V
Current:       620.80 mA
Power:         7062.00 mW

Bus Voltage:   11.41 V
Shunt Voltage: 38.43 mV
Load Voltage:  11.45 V
Current:       380.00 mA
Power:         4408.00 mW

Bus Voltage:   10.94 V
Shunt Voltage: 63.87 mV
Load Voltage:  11.00 V
Current:       678.00 mA
Power:         7288.00 mW

Bus Voltage:   11.50 V
Shunt Voltage: 38.46 mV
Load Voltage:  11.54 V
Current:       371.00 mA
Power:         4398.00 mW

Bus Voltage:   11.40 V
Shunt Voltage: 62.56 mV
Load Voltage:  11.46 V
Current:       648.60 mA
Power:         7228.00 mW

Bus Voltage:   11.74 V
Shunt Voltage: 37.45 mV
Load Voltage:  11.78 V
Current:       367.10 mA
Power:         4316.00 mW

Bus Voltage:   10.60 V
Shunt Voltage: 66.90 mV
Load Voltage:  10.67 V
Current:       635.20 mA
Power:         6802.00 mW

Bus Voltage:   11.61 V
Shunt Voltage: 37.43 mV
Load Voltage:  11.65 V
Current:       364.80 mA
Power:         4302.00 mW

Bus Voltage:   11.00 V
Shunt Voltage: 65.51 mV
Load Voltage:  11.06 V
Current:       618.70 mA
Power:         6924.00 mW

Bus Voltage:   11.36 V
Shunt Voltage: 39.01 mV
Load Voltage:  11.40 V
Current:       376.50 mA
Power:         4486.00 mW

Bus Voltage:   10.45 V
Shunt Voltage: 67.52 mV
Load Voltage:  10.52 V
Current:       674.80 mA
Power:         7228.00 mW

Bus Voltage:   11.46 V
Shunt Voltage: 38.66 mV
Load Voltage:  11.49 V
Current:       381.50 mA
Power:         4464.00 mW

Bus Voltage:   11.28 V
Shunt Voltage: 63.53 mV
Load Voltage:  11.34 V
Current:       670.90 mA
Power:         7386.00 mW

Bus Voltage:   11.52 V
Shunt Voltage: 38.77 mV
Load Voltage:  11.55 V
Current:       377.10 mA
Power:         4420.00 mW

Bus Voltage:   10.55 V
Shunt Voltage: 65.84 mV
Load Voltage:  10.61 V
Current:       632.60 mA
Power:         7210.00 mW

Bus Voltage:   11.39 V
Shunt Voltage: 38.35 mV
Load Voltage:  11.43 V
Current:       369.60 mA
Power:         4408.00 mW

Bus Voltage:   10.43 V
Shunt Voltage: 68.18 mV
Load Voltage:  10.50 V
Current:       652.00 mA
Power:         6950.00 mW

Bus Voltage:   11.93 V
Shunt Voltage: 37.43 mV
Load Voltage:  11.97 V
Current:       391.80 mA
Power:         4456.00 mW

Bus Voltage:   11.25 V
Shunt Voltage: 64.52 mV
Load Voltage:  11.32 V
Current:       668.20 mA
Power:         7370.00 mW

